<?xml version="1.0" encoding="UTF-8"?>
<!-- Generated by org.testng.reporters.JUnitXMLReporter -->
<testsuite hostname="Seachange-PC" name="Default test" tests="2" failures="0" timestamp="29 May 2017 10:14:01 GMT" time="29.281" errors="0">
  <testcase name="ProvisionsApprovalLimit" time="9.898" classname="purchase_Admin.ProvisionsApprovalLimitTest"/>
  <testcase name="SetApprovalLimit" time="19.039" classname="purchase_Admin.ProvisionsApprovalLimitTest"/>
</testsuite> <!-- Default test -->
