<?xml version="1.0" encoding="UTF-8"?>
<!-- Generated by org.testng.reporters.JUnitXMLReporter -->
<testsuite hostname="Seachange-PC" name="Test" tests="65" failures="0" timestamp="26 May 2017 12:13:21 GMT" time="1561.242" errors="0">
  <testcase name="Adminm" time="9.964" classname="crew_Admin.RankCategoryTest"/>
  <testcase name="addrankcategory" time="18.646" classname="crew_Admin.RankCategoryTest"/>
  <testcase name="search" time="4.169" classname="crew_Admin.RankCategoryTest"/>
  <testcase name="edit" time="12.256" classname="crew_Admin.RankCategoryTest"/>
  <testcase name="delete" time="13.499" classname="crew_Admin.RankCategoryTest"/>
  <testcase name="exportexcel" time="2.249" classname="crew_Admin.RankCategoryTest"/>
  <testcase name="Adminm" time="7.772" classname="crew_Admin.CrewRankTest"/>
  <testcase name="addrank" time="38.971" classname="crew_Admin.CrewRankTest"/>
  <testcase name="exportexcel" time="2.288" classname="crew_Admin.CrewRankTest"/>
  <testcase name="Adminm" time="7.741" classname="crew_Admin.joiningTypeTest"/>
  <testcase name="addrank" time="41.986" classname="crew_Admin.joiningTypeTest"/>
  <testcase name="search" time="32.877" classname="crew_Admin.joiningTypeTest"/>
  <testcase name="delete" time="20.571" classname="crew_Admin.joiningTypeTest"/>
  <testcase name="exportexcel" time="5.244" classname="crew_Admin.joiningTypeTest"/>
  <testcase name="addPermanentStatus" time="25.592" classname="crew_Admin.joiningTypeTest"/>
  <testcase name="searchPermanentStatus" time="32.823" classname="crew_Admin.joiningTypeTest"/>
  <testcase name="deletePermanentStatus" time="24.523" classname="crew_Admin.joiningTypeTest"/>
  <testcase name="DocumentGroupm" time="9.724" classname="crew_Admin.DocumentGroupsTest"/>
  <testcase name="addgroupnamem" time="21.396" classname="crew_Admin.DocumentGroupsTest"/>
  <testcase name="filtergroupname" time="27.522" classname="crew_Admin.DocumentGroupsTest"/>
  <testcase name="DocumentTypem" time="9.08" classname="crew_Admin.DocumentTypeTest"/>
  <testcase name="addnewdocumentType" time="63.392" classname="crew_Admin.DocumentTypeTest"/>
  <testcase name="search" time="23.367" classname="crew_Admin.DocumentTypeTest"/>
  <testcase name="Edit" time="28.954" classname="crew_Admin.DocumentTypeTest"/>
  <testcase name="searchgroup" time="25.456" classname="crew_Admin.DocumentTypeTest"/>
  <testcase name="delete" time="28.52" classname="crew_Admin.DocumentTypeTest"/>
  <testcase name="Adminm" time="7.687" classname="crew_Admin.CrewSignOffReasonTest"/>
  <testcase name="addrank" time="18.385" classname="crew_Admin.CrewSignOffReasonTest"/>
  <testcase name="search" time="31.095" classname="crew_Admin.CrewSignOffReasonTest"/>
  <testcase name="Adminm" time="7.504" classname="crew_Admin.TrainingTypesTest"/>
  <testcase name="addTrainingTypes" time="19.506" classname="crew_Admin.TrainingTypesTest"/>
  <testcase name="search" time="27.217" classname="crew_Admin.TrainingTypesTest"/>
  <testcase name="Adminm" time="7.876" classname="crew_Admin.CrewWelfareAmountTest"/>
  <testcase name="addWelfareDetails" time="25.761" classname="crew_Admin.CrewWelfareAmountTest"/>
  <testcase name="filter" time="24.586" classname="crew_Admin.CrewWelfareAmountTest"/>
  <testcase name="Adminm" time="5.772" classname="crew_Admin.OnBoardStaffLimitTest"/>
  <testcase name="search" time="36.036" classname="crew_Admin.OnBoardStaffLimitTest"/>
  <testcase name="Adminm" time="46.277" classname="crew_Admin.CompanySeniorityRewardTest"/>
  <testcase name="Adminm" time="40.896" classname="crew_Admin.ContractTypeTest"/>
  <testcase name="Adminm" time="35.416" classname="crew_Admin.CrewRankScaleTest"/>
  <testcase name="Adminm" time="46.473" classname="crew_Admin.HandOverQuestionTest"/>
  <testcase name="search" time="39.991" classname="crew_Admin.HandOverQuestionTest"/>
  <testcase name="Adminm" time="28.634" classname="crew_Admin.CrewContractPeriodTest"/>
  <testcase name="Admin" time="29.725" classname="crew_Admin.AllotmentflagmailsettingsTest"/>
  <testcase name="Adminm" time="28.527" classname="crew_Admin.CrewJoiningSeniorityTest"/>
  <testcase name="Crew" time="6.059" classname="crew_Admin.CrewCardApproverTest"/>
  <testcase name="AddCrewCardApprover" time="48.835" classname="crew_Admin.CrewCardApproverTest"/>
  <testcase name="EditCrewCardApprover" time="32.312" classname="crew_Admin.CrewCardApproverTest"/>
  <testcase name="DeleteCrewCardApprover" time="26.029" classname="crew_Admin.CrewCardApproverTest"/>
  <testcase name="Crew" time="5.964" classname="crew_Admin.CrewStatusLibraryTest"/>
  <testcase name="AddStatus" time="27.54" classname="crew_Admin.CrewStatusLibraryTest"/>
  <testcase name="EditStatus" time="27.128" classname="crew_Admin.CrewStatusLibraryTest"/>
  <testcase name="AddSubStatus" time="20.884" classname="crew_Admin.CrewStatusLibraryTest"/>
  <testcase name="EditSubStatus" time="26.099" classname="crew_Admin.CrewStatusLibraryTest"/>
  <testcase name="Crew" time="5.914" classname="crew_Admin.CrewStatusMappingTest"/>
  <testcase name="AddStatusMapping" time="33.351" classname="crew_Admin.CrewStatusMappingTest"/>
  <testcase name="EditStatusMapping" time="28.204" classname="crew_Admin.CrewStatusMappingTest"/>
  <testcase name="Adminm" time="37.259" classname="crew_Admin.CrewLeaveWagesWithholdRulesTest"/>
  <testcase name="OilMajorModule" time="43.959" classname="crew_Admin.OilMajorTest"/>
  <testcase name="OilMajorModule1" time="23.906" classname="crew_Admin.OilMajorTest"/>
  <testcase name="Adminm" time="38.346" classname="crew_Admin.OilMajorsRulesMappingTest"/>
  <testcase name="Crew" time="5.871" classname="crew_Admin.OilMajorsRuleGroupTest"/>
  <testcase name="AddGroup" time="24.067" classname="crew_Admin.OilMajorsRuleGroupTest"/>
  <testcase name="EditGroup" time="29.242" classname="crew_Admin.OilMajorsRuleGroupTest"/>
  <testcase name="InfoAndDeleteGroup" time="19.679" classname="crew_Admin.OilMajorsRuleGroupTest"/>
</testsuite> <!-- Test -->
